<?xml version="1.0" encoding="UTF-8"?>
<!-- Generated by org.testng.reporters.JUnitReportReporter -->
<testsuite hostname="M5-D-75HDNK2" name="pom.testLogin" tests="1" failures="0" timestamp="13 May 2019 10:29:24 GMT" time="13.613" errors="0">
  <testcase name="verifyLogin" time="13.613" classname="pom.testLogin"/>
</testsuite> <!-- pom.testLogin -->
